# JRE version: Java(TM) SE Runtime Environment (8.0_60-b27) (build 1.8.0_60-b27)
# Java VM: Java HotSpot(TM) 64-Bit Server VM (25.60-b23 mixed mode windows-amd64 compressed oops)
Heap:
 PSYoungGen      total 107520K, used 107430K [0x00000000f5580000, 0x0000000100000000, 0x0000000100000000)
  eden space 68096K, 100% used [0x00000000f5580000,0x00000000f9800000,0x00000000f9800000)
  from space 39424K, 99% used [0x00000000f9800000,0x00000000fbe69a20,0x00000000fbe80000)
  to   space 56320K, 44% used [0x00000000fc900000,0x00000000fe1b9818,0x0000000100000000)
 ParOldGen       total 349696K, used 344999K [0x00000000e0000000, 0x00000000f5580000, 0x00000000f5580000)
  object space 349696K, 98% used [0x00000000e0000000,0x00000000f50e9d48,0x00000000f5580000)
 Metaspace       used 139348K, capacity 147238K, committed 147456K, reserved 1177600K
  class space    used 17941K, capacity 19573K, committed 19712K, reserved 1048576K
GC Heap History (10 events):
Event: 2273.219 GC heap after
Heap after GC invocations=87 (full 6):
 PSYoungGen      total 124416K, used 12476K [0x00000000f5580000, 0x00000000fff80000, 0x0000000100000000)
  eden space 74240K, 0% used [0x00000000f5580000,0x00000000f5580000,0x00000000f9e00000)
  from space 50176K, 24% used [0x00000000f9e00000,0x00000000faa2f388,0x00000000fcf00000)
  to   space 49152K, 0% used [0x00000000fcf80000,0x00000000fcf80000,0x00000000fff80000)
 ParOldGen       total 349696K, used 313231K [0x00000000e0000000, 0x00000000f5580000, 0x00000000f5580000)
  object space 349696K, 89% used [0x00000000e0000000,0x00000000f31e3dd8,0x00000000f5580000)
 Metaspace       used 138742K, capacity 146436K, committed 146944K, reserved 1177600K
  class space    used 17874K, capacity 19442K, committed 19712K, reserved 1048576K
}
Event: 2946.000 GC heap before
{Heap before GC invocations=88 (full 6):
 PSYoungGen      total 124416K, used 86716K [0x00000000f5580000, 0x00000000fff80000, 0x0000000100000000)
  eden space 74240K, 100% used [0x00000000f5580000,0x00000000f9e00000,0x00000000f9e00000)
  from space 50176K, 24% used [0x00000000f9e00000,0x00000000faa2f388,0x00000000fcf00000)
  to   space 49152K, 0% used [0x00000000fcf80000,0x00000000fcf80000,0x00000000fff80000)
 ParOldGen       total 349696K, used 313231K [0x00000000e0000000, 0x00000000f5580000, 0x00000000f5580000)
  object space 349696K, 89% used [0x00000000e0000000,0x00000000f31e3dd8,0x00000000f5580000)
 Metaspace       used 139032K, capacity 146786K, committed 147200K, reserved 1177600K
  class space    used 17920K, capacity 19542K, committed 19712K, reserved 1048576K
Event: 2946.037 GC heap after
Heap after GC invocations=88 (full 6):
 PSYoungGen      total 120832K, used 23910K [0x00000000f5580000, 0x00000000ffc00000, 0x0000000100000000)
  eden space 75264K, 0% used [0x00000000f5580000,0x00000000f5580000,0x00000000f9f00000)
  from space 45568K, 52% used [0x00000000fcf80000,0x00000000fe6d9a10,0x00000000ffc00000)
  to   space 47616K, 0% used [0x00000000f9f00000,0x00000000f9f00000,0x00000000fcd80000)
 ParOldGen       total 349696K, used 314434K [0x00000000e0000000, 0x00000000f5580000, 0x00000000f5580000)
  object space 349696K, 89% used [0x00000000e0000000,0x00000000f33109f8,0x00000000f5580000)
 Metaspace       used 139032K, capacity 146786K, committed 147200K, reserved 1177600K
  class space    used 17920K, capacity 19542K, committed 19712K, reserved 1048576K
}
Event: 2947.064 GC heap before
{Heap before GC invocations=89 (full 6):
 PSYoungGen      total 120832K, used 99174K [0x00000000f5580000, 0x00000000ffc00000, 0x0000000100000000)
  eden space 75264K, 100% used [0x00000000f5580000,0x00000000f9f00000,0x00000000f9f00000)
  from space 45568K, 52% used [0x00000000fcf80000,0x00000000fe6d9a10,0x00000000ffc00000)
  to   space 47616K, 0% used [0x00000000f9f00000,0x00000000f9f00000,0x00000000fcd80000)
 ParOldGen       total 349696K, used 314434K [0x00000000e0000000, 0x00000000f5580000, 0x00000000f5580000)
  object space 349696K, 89% used [0x00000000e0000000,0x00000000f33109f8,0x00000000f5580000)
 Metaspace       used 139160K, capacity 147084K, committed 147456K, reserved 1177600K
  class space    used 17924K, capacity 19550K, committed 19712K, reserved 1048576K
Event: 2947.131 GC heap after
Heap after GC invocations=89 (full 6):
 PSYoungGen      total 122880K, used 31475K [0x00000000f5580000, 0x0000000100000000, 0x0000000100000000)
  eden space 75264K, 0% used [0x00000000f5580000,0x00000000f5580000,0x00000000f9f00000)
  from space 47616K, 66% used [0x00000000f9f00000,0x00000000fbdbcd48,0x00000000fcd80000)
  to   space 48640K, 0% used [0x00000000fd080000,0x00000000fd080000,0x0000000100000000)
 ParOldGen       total 349696K, used 314442K [0x00000000e0000000, 0x00000000f5580000, 0x00000000f5580000)
  object space 349696K, 89% used [0x00000000e0000000,0x00000000f33129f8,0x00000000f5580000)
 Metaspace       used 139160K, capacity 147084K, committed 147456K, reserved 1177600K
  class space    used 17924K, capacity 19550K, committed 19712K, reserved 1048576K
}
Event: 2947.665 GC heap before
{Heap before GC invocations=90 (full 6):
 PSYoungGen      total 122880K, used 106739K [0x00000000f5580000, 0x0000000100000000, 0x0000000100000000)
  eden space 75264K, 100% used [0x00000000f5580000,0x00000000f9f00000,0x00000000f9f00000)
  from space 47616K, 66% used [0x00000000f9f00000,0x00000000fbdbcd48,0x00000000fcd80000)
  to   space 48640K, 0% used [0x00000000fd080000,0x00000000fd080000,0x0000000100000000)
 ParOldGen       total 349696K, used 314442K [0x00000000e0000000, 0x00000000f5580000, 0x00000000f5580000)
  object space 349696K, 89% used [0x00000000e0000000,0x00000000f33129f8,0x00000000f5580000)
 Metaspace       used 139237K, capacity 147132K, committed 147456K, reserved 1177600K
  class space    used 17929K, capacity 19558K, committed 19712K, reserved 1048576K
Event: 2947.725 GC heap after
Heap after GC invocations=90 (full 6):
 PSYoungGen      total 116736K, used 41747K [0x00000000f5580000, 0x0000000100000000, 0x0000000100000000)
  eden space 68096K, 0% used [0x00000000f5580000,0x00000000f5580000,0x00000000f9800000)
  from space 48640K, 85% used [0x00000000fd080000,0x00000000ff944d78,0x0000000100000000)
  to   space 53248K, 0% used [0x00000000f9800000,0x00000000f9800000,0x00000000fcc00000)
 ParOldGen       total 349696K, used 315578K [0x00000000e0000000, 0x00000000f5580000, 0x00000000f5580000)
  object space 349696K, 90% used [0x00000000e0000000,0x00000000f342eb68,0x00000000f5580000)
 Metaspace       used 139237K, capacity 147132K, committed 147456K, reserved 1177600K
  class space    used 17929K, capacity 19558K, committed 19712K, reserved 1048576K
}
Event: 2948.304 GC heap before
{Heap before GC invocations=91 (full 6):
 PSYoungGen      total 116736K, used 109843K [0x00000000f5580000, 0x0000000100000000, 0x0000000100000000)
  eden space 68096K, 100% used [0x00000000f5580000,0x00000000f9800000,0x00000000f9800000)
  from space 48640K, 85% used [0x00000000fd080000,0x00000000ff944d78,0x0000000100000000)
  to   space 53248K, 0% used [0x00000000f9800000,0x00000000f9800000,0x00000000fcc00000)
 ParOldGen       total 349696K, used 315578K [0x00000000e0000000, 0x00000000f5580000, 0x00000000f5580000)
  object space 349696K, 90% used [0x00000000e0000000,0x00000000f342eb68,0x00000000f5580000)
 Metaspace       used 139317K, capacity 147226K, committed 147456K, reserved 1177600K
  class space    used 17936K, capacity 19571K, committed 19712K, reserved 1048576K
Event: 2948.378 GC heap after
Heap after GC invocations=91 (full 6):
 PSYoungGen      total 107520K, used 39334K [0x00000000f5580000, 0x0000000100000000, 0x0000000100000000)
  eden space 68096K, 0% used [0x00000000f5580000,0x00000000f5580000,0x00000000f9800000)
  from space 39424K, 99% used [0x00000000f9800000,0x00000000fbe69a20,0x00000000fbe80000)
  to   space 56320K, 0% used [0x00000000fc900000,0x00000000fc900000,0x0000000100000000)
 ParOldGen       total 349696K, used 325471K [0x00000000e0000000, 0x00000000f5580000, 0x00000000f5580000)
  object space 349696K, 93% used [0x00000000e0000000,0x00000000f3dd7c20,0x00000000f5580000)
 Metaspace       used 139317K, capacity 147226K, committed 147456K, reserved 1177600K
  class space    used 17936K, capacity 19571K, committed 19712K, reserved 1048576K
}
Event: 2949.664 GC heap before
{Heap before GC invocations=92 (full 6):
 PSYoungGen      total 107520K, used 107430K [0x00000000f5580000, 0x0000000100000000, 0x0000000100000000)
  eden space 68096K, 100% used [0x00000000f5580000,0x00000000f9800000,0x00000000f9800000)
  from space 39424K, 99% used [0x00000000f9800000,0x00000000fbe69a20,0x00000000fbe80000)
  to   space 56320K, 0% used [0x00000000fc900000,0x00000000fc900000,0x0000000100000000)
 ParOldGen       total 349696K, used 325471K [0x00000000e0000000, 0x00000000f5580000, 0x00000000f5580000)
  object space 349696K, 93% used [0x00000000e0000000,0x00000000f3dd7c20,0x00000000f5580000)
 Metaspace       used 139348K, capacity 147238K, committed 147456K, reserved 1177600K
  class space    used 17941K, capacity 19573K, committed 19712K, reserved 1048576K

